Using pre-set license
Built from '2022.3/staging' branch; Version is '2022.3.14f1 (eff2de9070d8) revision 15725278'; Using compiler version '192829333'; Build Type 'Release'
OS: 'Windows 10  (10.0.19045) 64bit Professional' Language: 'ko' Physical Memory: 65198 MB
BatchMode: 1, IsHumanControllingUs: 0, StartBugReporterOnCrash: 0, Is64bit: 1, IsPro: 1

COMMAND LINE ARGUMENTS:
C:\Program Files\Unity\Hub\Editor\2022.3.14f1\Editor\Unity.exe
-adb2
-batchMode
-noUpm
-name
AssetImportWorker2
-projectPath
C:/Users/IDBLAB/Desktop/Photon-Network/Photon Network
-logFile
Logs/AssetImportWorker2.log
-srvPort
60403
Successfully changed project path to: C:/Users/IDBLAB/Desktop/Photon-Network/Photon Network
C:/Users/IDBLAB/Desktop/Photon-Network/Photon Network
[UnityMemory] Configuration Parameters - Can be set up in boot.config
    "memorysetup-bucket-allocator-granularity=16"
    "memorysetup-bucket-allocator-bucket-count=8"
    "memorysetup-bucket-allocator-block-size=33554432"
    "memorysetup-bucket-allocator-block-count=8"
    "memorysetup-main-allocator-block-size=16777216"
    "memorysetup-thread-allocator-block-size=16777216"
    "memorysetup-gfx-main-allocator-block-size=16777216"
    "memorysetup-gfx-thread-allocator-block-size=16777216"
    "memorysetup-cache-allocator-block-size=4194304"
    "memorysetup-typetree-allocator-block-size=2097152"
    "memorysetup-profiler-bucket-allocator-granularity=16"
    "memorysetup-profiler-bucket-allocator-bucket-count=8"
    "memorysetup-profiler-bucket-allocator-block-size=33554432"
    "memorysetup-profiler-bucket-allocator-block-count=8"
    "memorysetup-profiler-allocator-block-size=16777216"
    "memorysetup-profiler-editor-allocator-block-size=1048576"
    "memorysetup-temp-allocator-size-main=16777216"
    "memorysetup-job-temp-allocator-block-size=2097152"
    "memorysetup-job-temp-allocator-block-size-background=1048576"
    "memorysetup-job-temp-allocator-reduction-small-platforms=262144"
    "memorysetup-allocator-temp-initial-block-size-main=262144"
    "memorysetup-allocator-temp-initial-block-size-worker=262144"
    "memorysetup-temp-allocator-size-background-worker=32768"
    "memorysetup-temp-allocator-size-job-worker=262144"
    "memorysetup-temp-allocator-size-preload-manager=33554432"
    "memorysetup-temp-allocator-size-nav-mesh-worker=65536"
    "memorysetup-temp-allocator-size-audio-worker=65536"
    "memorysetup-temp-allocator-size-cloud-worker=32768"
    "memorysetup-temp-allocator-size-gi-baking-worker=262144"
    "memorysetup-temp-allocator-size-gfx=262144"
Player connection [11388] Host "[IP] 203.247.166.182 [Port] 0 [Flags] 2 [Guid] 4126973848 [EditorId] 4126973848 [Version] 1048832 [Id] WindowsEditor(7,DESKTOP-QLOGQ7G) [Debug] 1 [PackageName] WindowsEditor [ProjectName] Editor" joined multi-casting on [225.0.0.222:54997]...

Player connection [11388] Host "[IP] 203.247.166.182 [Port] 0 [Flags] 2 [Guid] 4126973848 [EditorId] 4126973848 [Version] 1048832 [Id] WindowsEditor(7,DESKTOP-QLOGQ7G) [Debug] 1 [PackageName] WindowsEditor [ProjectName] Editor" joined alternative multi-casting on [225.0.0.222:34997]...

[Physics::Module] Initialized MultithreadedJobDispatcher with 15 workers.
Refreshing native plugins compatible for Editor in 26.33 ms, found 6 plugins.
Preloading 0 native plugins for Editor in 0.00 ms.
Initialize engine version: 2022.3.14f1 (eff2de9070d8)
[Subsystems] Discovering subsystems at path C:/Program Files/Unity/Hub/Editor/2022.3.14f1/Editor/Data/Resources/UnitySubsystems
[Subsystems] Discovering subsystems at path C:/Users/IDBLAB/Desktop/Photon-Network/Photon Network/Assets
GfxDevice: creating device client; threaded=0; jobified=0
Direct3D:
    Version:  Direct3D 11.0 [level 11.1]
    Renderer: Intel(R) UHD Graphics 630 (ID=0x9bc5)
    Vendor:   Intel
    VRAM:     32599 MB
    Driver:   27.20.100.9415
Initialize mono
Mono path[0] = 'C:/Program Files/Unity/Hub/Editor/2022.3.14f1/Editor/Data/Managed'
Mono path[1] = 'C:/Program Files/Unity/Hub/Editor/2022.3.14f1/Editor/Data/MonoBleedingEdge/lib/mono/unityjit-win32'
Mono config path = 'C:/Program Files/Unity/Hub/Editor/2022.3.14f1/Editor/Data/MonoBleedingEdge/etc'
Using monoOptions --debugger-agent=transport=dt_socket,embedding=1,server=y,suspend=n,address=127.0.0.1:56436
Begin MonoManager ReloadAssembly
Registering precompiled unity dll's ...
Register platform support module: C:/Program Files/Unity/Hub/Editor/2022.3.14f1/Editor/Data/PlaybackEngines/WebGLSupport/UnityEditor.WebGL.Extensions.dll
Register platform support module: C:/Program Files/Unity/Hub/Editor/2022.3.14f1/Editor/Data/PlaybackEngines/WindowsStandaloneSupport/UnityEditor.WindowsStandalone.Extensions.dll
Registered in 0.010485 seconds.
- Loaded All Assemblies, in  0.326 seconds
Native extension for WindowsStandalone target not found
Native extension for WebGL target not found
Mono: successfully reloaded assembly
- Finished resetting the current domain, in  0.223 seconds
Domain Reload Profiling: 547ms
	BeginReloadAssembly (99ms)
		ExecutionOrderSort (0ms)
		DisableScriptedObjects (0ms)
		BackupInstance (0ms)
		ReleaseScriptingObjects (0ms)
		CreateAndSetChildDomain (1ms)
	RebuildCommonClasses (36ms)
	RebuildNativeTypeToScriptingClass (11ms)
	initialDomainReloadingComplete (56ms)
	LoadAllAssembliesAndSetupDomain (122ms)
		LoadAssemblies (97ms)
		RebuildTransferFunctionScriptingTraits (0ms)
		AnalyzeDomain (120ms)
			TypeCache.Refresh (119ms)
				TypeCache.ScanAssembly (107ms)
			ScanForSourceGeneratedMonoScriptInfo (0ms)
			ResolveRequiredComponents (0ms)
	FinalizeReload (223ms)
		ReleaseScriptCaches (0ms)
		RebuildScriptCaches (0ms)
		SetupLoadedEditorAssemblies (174ms)
			LogAssemblyErrors (0ms)
			InitializePlatformSupportModulesInManaged (9ms)
			SetLoadedEditorAssemblies (4ms)
			RefreshPlugins (0ms)
			BeforeProcessingInitializeOnLoad (2ms)
			ProcessInitializeOnLoadAttributes (111ms)
			ProcessInitializeOnLoadMethodAttributes (47ms)
			AfterProcessingInitializeOnLoad (0ms)
			EditorAssembliesLoaded (0ms)
		ExecutionOrderSort2 (0ms)
		AwakeInstancesAfterBackupRestoration (0ms)
========================================================================
Worker process is ready to serve import requests
Begin MonoManager ReloadAssembly
- Loaded All Assemblies, in  0.724 seconds
Refreshing native plugins compatible for Editor in 14.47 ms, found 6 plugins.
Native extension for WindowsStandalone target not found
Native extension for WebGL target not found
Package Manager log level set to [2]
[Package Manager] Server::EnsureServerProcessIsRunning -- launch failed, reason: Unity was launched with the -noUpm command-line argument
[Package Manager] UpmClient::Send -- Unable to send message (not connected to UPM process).
[Package Manager] Cannot connect to Unity Package Manager local server
Mono: successfully reloaded assembly
- Finished resetting the current domain, in  0.786 seconds
Domain Reload Profiling: 1507ms
	BeginReloadAssembly (163ms)
		ExecutionOrderSort (0ms)
		DisableScriptedObjects (5ms)
		BackupInstance (0ms)
		ReleaseScriptingObjects (0ms)
		CreateAndSetChildDomain (26ms)
	RebuildCommonClasses (41ms)
	RebuildNativeTypeToScriptingClass (10ms)
	initialDomainReloadingComplete (40ms)
	LoadAllAssembliesAndSetupDomain (467ms)
		LoadAssemblies (333ms)
		RebuildTransferFunctionScriptingTraits (0ms)
		AnalyzeDomain (234ms)
			TypeCache.Refresh (207ms)
				TypeCache.ScanAssembly (182ms)
			ScanForSourceGeneratedMonoScriptInfo (18ms)
			ResolveRequiredComponents (7ms)
	FinalizeReload (786ms)
		ReleaseScriptCaches (0ms)
		RebuildScriptCaches (0ms)
		SetupLoadedEditorAssemblies (639ms)
			LogAssemblyErrors (0ms)
			InitializePlatformSupportModulesInManaged (10ms)
			SetLoadedEditorAssemblies (3ms)
			RefreshPlugins (0ms)
			BeforeProcessingInitializeOnLoad (74ms)
			ProcessInitializeOnLoadAttributes (524ms)
			ProcessInitializeOnLoadMethodAttributes (21ms)
			AfterProcessingInitializeOnLoad (8ms)
			EditorAssembliesLoaded (0ms)
		ExecutionOrderSort2 (0ms)
		AwakeInstancesAfterBackupRestoration (12ms)
Launched and connected shader compiler UnityShaderCompiler.exe after 0.05 seconds
Refreshing native plugins compatible for Editor in 14.79 ms, found 6 plugins.
Preloading 0 native plugins for Editor in 0.00 ms.
Unloading 3690 Unused Serialized files (Serialized files now loaded: 0)
Unloading 94 unused Assets / (86.7 KB). Loaded Objects now: 4099.
Memory consumption went from 143.2 MB to 143.1 MB.
Total: 6.478500 ms (FindLiveObjects: 0.530300 ms CreateObjectMapping: 1.176700 ms MarkObjects: 4.610300 ms  DeleteObjects: 0.160200 ms)

AssetImportParameters requested are different than current active one (requested -> active):
  custom:container-demuxer-ogg: 62fdf1f143b41e24485cea50d1cbac27 -> 
  custom:video-decoder-ogg-theora: a1e56fd34408186e4bbccfd4996cb3dc -> 
  custom:framework-win-MediaFoundation: 216162199b28c13a410421893ffa2e32 -> 
  custom:CustomObjectIndexerAttribute: 756ad292c208cfabdd7b50bc23989ffe -> 
  custom:container-demuxer-webm: 4f35f7cbe854078d1ac9338744f61a02 -> 
  custom:container-muxer-webm: aa71ff27fc2769a1b78a27578f13a17b -> 
  custom:video-decoder-webm-vp8: 9c59270c3fd7afecdb556c50c9e8de78 -> 
  custom:SearchIndexIgnoredProperties: e643bd26f0fe6173181afceb89e7c659 -> 
  custom:AudioImporter_EditorPlatform: d09bf68614088b80899f8185d706f6e7 -> 
  custom:video-encoder-webm-vp8: eb34c28f22e8b96e1ab97ce403110664 -> 
  custom:audio-decoder-ogg-vorbis: bf7c407c2cedff20999df2af8eb42d56 -> 
  custom:audio-encoder-webm-vorbis: bf7c407c2cedff20999df2af8eb42d56 -> 
========================================================================
Received Import Request.
  Time since last request: 4189486.232889 seconds.
  path: Assets/External Prefabs/Crosshairs/Art/Textures/Crosshair_25.png
  artifactKey: Guid(dcd5aae0341bd0642858735fe7fdc429) Importer(815301076,1909f56bfc062723c751e8b465ee728b)
Start importing Assets/External Prefabs/Crosshairs/Art/Textures/Crosshair_25.png using Guid(dcd5aae0341bd0642858735fe7fdc429) Importer(815301076,1909f56bfc062723c751e8b465ee728b)  -> (artifact id: '3fcb171a629c1854f45bf7cf0d9c8f15') in 0.108156 seconds
Number of updated asset objects reloaded before import = 0
Number of asset objects unloaded after import = 3
========================================================================
Received Import Request.
  Time since last request: 0.189720 seconds.
  path: Assets/PlayFabEditorExtensions/Editor/UI/Images/dashboardIconHover.png
  artifactKey: Guid(b43817ee9dda16c41a628a705526a021) Importer(815301076,1909f56bfc062723c751e8b465ee728b)
Start importing Assets/PlayFabEditorExtensions/Editor/UI/Images/dashboardIconHover.png using Guid(b43817ee9dda16c41a628a705526a021) Importer(815301076,1909f56bfc062723c751e8b465ee728b)  -> (artifact id: '5a1def4bcbc39c857cc7ae7ed8f23d30') in 0.012013 seconds
Number of updated asset objects reloaded before import = 0
Number of asset objects unloaded after import = 3
========================================================================
Received Import Request.
  Time since last request: 0.066439 seconds.
  path: Assets/Photon/PhotonUnityNetworking/Demos/Shared Assets/Skin/DropDown CheckMark.png
  artifactKey: Guid(fd47c8b4ebfbd4339858d4d23f587519) Importer(815301076,1909f56bfc062723c751e8b465ee728b)
Start importing Assets/Photon/PhotonUnityNetworking/Demos/Shared Assets/Skin/DropDown CheckMark.png using Guid(fd47c8b4ebfbd4339858d4d23f587519) Importer(815301076,1909f56bfc062723c751e8b465ee728b)  -> (artifact id: 'c623b84b1c4500b1b160dd10b865b324') in 0.016792 seconds
Number of updated asset objects reloaded before import = 0
Number of asset objects unloaded after import = 3
========================================================================
Received Import Request.
  Time since last request: 0.005269 seconds.
  path: Assets/Photon/PhotonVoice/Demos/DemoVoicePun/Textures/gizmo-speaker.png
  artifactKey: Guid(c47e398a757a26944afdfef9c300a9e9) Importer(815301076,1909f56bfc062723c751e8b465ee728b)
Start importing Assets/Photon/PhotonVoice/Demos/DemoVoicePun/Textures/gizmo-speaker.png using Guid(c47e398a757a26944afdfef9c300a9e9) Importer(815301076,1909f56bfc062723c751e8b465ee728b)  -> (artifact id: '8cf6feee1ae9a934a695e2320031cc78') in 0.058630 seconds
Number of updated asset objects reloaded before import = 0
Number of asset objects unloaded after import = 3
========================================================================
Received Import Request.
  Time since last request: 0.229312 seconds.
  path: Assets/Photon/PhotonVoice/Demos/DemoVoiceUI/Media/gizmo-speech-bubble.png
  artifactKey: Guid(58086affa71851c4b81d7fba4c08e0b6) Importer(815301076,1909f56bfc062723c751e8b465ee728b)
Start importing Assets/Photon/PhotonVoice/Demos/DemoVoiceUI/Media/gizmo-speech-bubble.png using Guid(58086affa71851c4b81d7fba4c08e0b6) Importer(815301076,1909f56bfc062723c751e8b465ee728b)  -> (artifact id: 'd089ad4bacd4b427f96107e66e233d40') in 0.027229 seconds
Number of updated asset objects reloaded before import = 0
Number of asset objects unloaded after import = 3
========================================================================
Received Import Request.
  Time since last request: 0.101049 seconds.
  path: Assets/Photon/PhotonVoice/Demos/DemoVoicePun/Textures/UIPanel.png
  artifactKey: Guid(a5a780e4a881ea44f88afed421a63c3a) Importer(815301076,1909f56bfc062723c751e8b465ee728b)
Start importing Assets/Photon/PhotonVoice/Demos/DemoVoicePun/Textures/UIPanel.png using Guid(a5a780e4a881ea44f88afed421a63c3a) Importer(815301076,1909f56bfc062723c751e8b465ee728b)  -> (artifact id: 'bd9e584bb76e1d010c1d34449063a763') in 0.028717 seconds
Number of updated asset objects reloaded before import = 0
Number of asset objects unloaded after import = 3
========================================================================
Received Import Request.
  Time since last request: 0.148263 seconds.
  path: Assets/UI/Scenery/Lobby.jpg
  artifactKey: Guid(955d6670e43928d4fbb36109effce2f0) Importer(815301076,1909f56bfc062723c751e8b465ee728b)
Start importing Assets/UI/Scenery/Lobby.jpg using Guid(955d6670e43928d4fbb36109effce2f0) Importer(815301076,1909f56bfc062723c751e8b465ee728b)  -> (artifact id: '6c1da88f053241ef6087531d10c8561b') in 0.027449 seconds
Number of updated asset objects reloaded before import = 0
Number of asset objects unloaded after import = 3
========================================================================
Received Import Request.
  Time since last request: 0.001955 seconds.
  path: Assets/Photon/PhotonUnityNetworking/Demos/DemoHub/Sprites/OutlinedSquaredBox.png
  artifactKey: Guid(c222cd02c447941edb09ecb6433229ce) Importer(815301076,1909f56bfc062723c751e8b465ee728b)
Start importing Assets/Photon/PhotonUnityNetworking/Demos/DemoHub/Sprites/OutlinedSquaredBox.png using Guid(c222cd02c447941edb09ecb6433229ce) Importer(815301076,1909f56bfc062723c751e8b465ee728b)  -> (artifact id: '8c727f777ea1c12d7c8fd4fdc7d34141') in 0.062377 seconds
Number of updated asset objects reloaded before import = 0
Number of asset objects unloaded after import = 3
========================================================================
Received Import Request.
  Time since last request: 0.001242 seconds.
  path: Assets/PlayFabEditorExtensions/Editor/UI/Images/playfablogo.png
  artifactKey: Guid(77e37f7fe73c7db4d9a1702eb4ad411b) Importer(815301076,1909f56bfc062723c751e8b465ee728b)
Start importing Assets/PlayFabEditorExtensions/Editor/UI/Images/playfablogo.png using Guid(77e37f7fe73c7db4d9a1702eb4ad411b) Importer(815301076,1909f56bfc062723c751e8b465ee728b)  -> (artifact id: 'ceef5fa6916ba3b3d7a5e1ee027031cf') in 0.046406 seconds
Number of updated asset objects reloaded before import = 0
Number of asset objects unloaded after import = 3
========================================================================
Received Import Request.
  Time since last request: 0.155638 seconds.
  path: Assets/PlayFabSDK/Shared/Editor/PlayFablogo.png
  artifactKey: Guid(ec8f5065b10fb4f04bebf82a992c442e) Importer(815301076,1909f56bfc062723c751e8b465ee728b)
Start importing Assets/PlayFabSDK/Shared/Editor/PlayFablogo.png using Guid(ec8f5065b10fb4f04bebf82a992c442e) Importer(815301076,1909f56bfc062723c751e8b465ee728b)  -> (artifact id: 'feb27169ec79241341ae7acbee1200f0') in 0.025791 seconds
Number of updated asset objects reloaded before import = 0
Number of asset objects unloaded after import = 3
========================================================================
Received Import Request.
  Time since last request: 0.005032 seconds.
  path: Assets/Photon/PhotonUnityNetworking/Demos/DemoHub/Sprites/PunIcon-White-129.png
  artifactKey: Guid(56bbc6b42271d4177ac313247f47ac1f) Importer(815301076,1909f56bfc062723c751e8b465ee728b)
Start importing Assets/Photon/PhotonUnityNetworking/Demos/DemoHub/Sprites/PunIcon-White-129.png using Guid(56bbc6b42271d4177ac313247f47ac1f) Importer(815301076,1909f56bfc062723c751e8b465ee728b)  -> (artifact id: '355e34848fcf794cbdee87ec5dae6d07') in 0.075857 seconds
Number of updated asset objects reloaded before import = 0
Number of asset objects unloaded after import = 3
========================================================================
Received Import Request.
  Time since last request: 0.012211 seconds.
  path: Assets/Photon/PhotonUnityNetworking/Icons/PunIconApp32.png
  artifactKey: Guid(436c5e63723127948af8857e903f658a) Importer(815301076,1909f56bfc062723c751e8b465ee728b)
Start importing Assets/Photon/PhotonUnityNetworking/Icons/PunIconApp32.png using Guid(436c5e63723127948af8857e903f658a) Importer(815301076,1909f56bfc062723c751e8b465ee728b)  -> (artifact id: '6551b7d159930c80eceecb79b64f300a') in 0.024702 seconds
Number of updated asset objects reloaded before import = 0
Number of asset objects unloaded after import = 3
========================================================================
Received Import Request.
  Time since last request: 0.164474 seconds.
  path: Assets/Photon/PhotonUnityNetworking/Icons/PunIconApp128.png
  artifactKey: Guid(f00feafcf0675cd47a48f83ae42b06d4) Importer(815301076,1909f56bfc062723c751e8b465ee728b)
Start importing Assets/Photon/PhotonUnityNetworking/Icons/PunIconApp128.png using Guid(f00feafcf0675cd47a48f83ae42b06d4) Importer(815301076,1909f56bfc062723c751e8b465ee728b)  -> (artifact id: '89870a18130c774f55a886836c55aee9') in 0.025405 seconds
Number of updated asset objects reloaded before import = 0
Number of asset objects unloaded after import = 3
========================================================================
Received Import Request.
  Time since last request: 0.082056 seconds.
  path: Assets/UI/Login/Sign_In_Button.png
  artifactKey: Guid(2dcef321319201846b82279e0e5f627a) Importer(815301076,1909f56bfc062723c751e8b465ee728b)
Start importing Assets/UI/Login/Sign_In_Button.png using Guid(2dcef321319201846b82279e0e5f627a) Importer(815301076,1909f56bfc062723c751e8b465ee728b)  -> (artifact id: 'd1bd2740b0100441ac36d59e3e02f3c3') in 0.024372 seconds
Number of updated asset objects reloaded before import = 0
Number of asset objects unloaded after import = 3
========================================================================
Received Import Request.
  Time since last request: 0.329435 seconds.
  path: Assets/UI/Lobby/Start_Button.png
  artifactKey: Guid(b2a84caef72a342459ac64c4c8927199) Importer(815301076,1909f56bfc062723c751e8b465ee728b)
Start importing Assets/UI/Lobby/Start_Button.png using Guid(b2a84caef72a342459ac64c4c8927199) Importer(815301076,1909f56bfc062723c751e8b465ee728b)  -> (artifact id: 'c95a11b9ef6f805802abee0fdbd6eefc') in 0.023753 seconds
Number of updated asset objects reloaded before import = 0
Number of asset objects unloaded after import = 3
========================================================================
Received Import Request.
  Time since last request: 0.001080 seconds.
  path: Assets/Photon/PhotonVoice/Demos/DemoVoicePun/Standard Assets/CrossPlatformInput/Sprites/TouchpadSprite.png
  artifactKey: Guid(e4f1fee3de32377429fd1348fae62b10) Importer(815301076,1909f56bfc062723c751e8b465ee728b)
Start importing Assets/Photon/PhotonVoice/Demos/DemoVoicePun/Standard Assets/CrossPlatformInput/Sprites/TouchpadSprite.png using Guid(e4f1fee3de32377429fd1348fae62b10) Importer(815301076,1909f56bfc062723c751e8b465ee728b)  -> (artifact id: '88d6c44535b8a20e2108ceaa717a5abc') in 0.060129 seconds
Number of updated asset objects reloaded before import = 0
Number of asset objects unloaded after import = 3
========================================================================
Received Import Request.
  Time since last request: 4919.725577 seconds.
  path: Assets/Resources/Alarm.prefab
  artifactKey: Guid(014cddad46a19c54cbb50e6566500421) Importer(815301076,1909f56bfc062723c751e8b465ee728b)
Start importing Assets/Resources/Alarm.prefab using Guid(014cddad46a19c54cbb50e6566500421) Importer(815301076,1909f56bfc062723c751e8b465ee728b)  -> (artifact id: '8f99805d98bee98c6cc5f4bcef780cc9') in 0.017510 seconds
Number of updated asset objects reloaded before import = 0
Number of asset objects unloaded after import = 28
========================================================================
Received Import Request.
  Time since last request: 0.000016 seconds.
  path: Assets/Resources/String.prefab
  artifactKey: Guid(9cce22d63b9edaa4e9b275f0750c7950) Importer(815301076,1909f56bfc062723c751e8b465ee728b)
Start importing Assets/Resources/String.prefab using Guid(9cce22d63b9edaa4e9b275f0750c7950) Importer(815301076,1909f56bfc062723c751e8b465ee728b)  -> (artifact id: '4cbbe9297bdbc9ed95ebbbe36a86d3eb') in 0.004641 seconds
Number of updated asset objects reloaded before import = 0
Number of asset objects unloaded after import = 7
========================================================================
Received Import Request.
  Time since last request: 0.000062 seconds.
  path: Assets/Resources/Player.prefab
  artifactKey: Guid(64336dc05446a344fa924d1a1cff6144) Importer(815301076,1909f56bfc062723c751e8b465ee728b)
Start importing Assets/Resources/Player.prefab using Guid(64336dc05446a344fa924d1a1cff6144) Importer(815301076,1909f56bfc062723c751e8b465ee728b)  -> (artifact id: '9a4313e6d41c3a8ad8b23eb572581970') in 0.180969 seconds
Number of updated asset objects reloaded before import = 0
Number of asset objects unloaded after import = 104
========================================================================
Received Import Request.
  Time since last request: 2.309102 seconds.
  path: Assets/Resources/Pause Panel.prefab
  artifactKey: Guid(3851ec06e897a6e42b5ce9d08973d974) Importer(815301076,1909f56bfc062723c751e8b465ee728b)
Start importing Assets/Resources/Pause Panel.prefab using Guid(3851ec06e897a6e42b5ce9d08973d974) Importer(815301076,1909f56bfc062723c751e8b465ee728b)  -> (artifact id: '6829d5be9ff869d2a5df6afb370bb804') in 0.022223 seconds
Number of updated asset objects reloaded before import = 0
Number of asset objects unloaded after import = 38
========================================================================
Received Import Request.
  Time since last request: 80.928141 seconds.
  path: Assets/Scripts/UI
  artifactKey: Guid(bc071a37ed2d94740a99f70de2c0c49d) Importer(815301076,1909f56bfc062723c751e8b465ee728b)
Start importing Assets/Scripts/UI using Guid(bc071a37ed2d94740a99f70de2c0c49d) Importer(815301076,1909f56bfc062723c751e8b465ee728b)  -> (artifact id: 'aa5347b94dbe382a5a39e6040520dd7c') in 0.000426 seconds
Number of updated asset objects reloaded before import = 0
Number of asset objects unloaded after import = 0
========================================================================
Received Import Request.
  Time since last request: 0.964409 seconds.
  path: Assets/Scripts/UI/Alarm.cs
  artifactKey: Guid(ebf9d426f2456fb40a9a3ac7e830abe3) Importer(815301076,1909f56bfc062723c751e8b465ee728b)
Start importing Assets/Scripts/UI/Alarm.cs using Guid(ebf9d426f2456fb40a9a3ac7e830abe3) Importer(815301076,1909f56bfc062723c751e8b465ee728b)  -> (artifact id: '4014ffaf36b78d49106d127bf3c18f4a') in 0.000425 seconds
Number of updated asset objects reloaded before import = 0
Number of asset objects unloaded after import = 0
========================================================================
Received Prepare
Begin MonoManager ReloadAssembly
- Loaded All Assemblies, in  0.485 seconds
Refreshing native plugins compatible for Editor in 16.41 ms, found 6 plugins.
Native extension for WindowsStandalone target not found
Native extension for WebGL target not found
[Package Manager] Server::EnsureServerProcessIsRunning -- launch failed, reason: Unity was launched with the -noUpm command-line argument
[Package Manager] UpmClient::Send -- Unable to send message (not connected to UPM process).
[Package Manager] Cannot connect to Unity Package Manager local server
Mono: successfully reloaded assembly
- Finished resetting the current domain, in  1.182 seconds
Domain Reload Profiling: 1664ms
	BeginReloadAssembly (153ms)
		ExecutionOrderSort (0ms)
		DisableScriptedObjects (4ms)
		BackupInstance (0ms)
		ReleaseScriptingObjects (0ms)
		CreateAndSetChildDomain (37ms)
	RebuildCommonClasses (29ms)
	RebuildNativeTypeToScriptingClass (10ms)
	initialDomainReloadingComplete (30ms)
	LoadAllAssembliesAndSetupDomain (260ms)
		LoadAssemblies (315ms)
		RebuildTransferFunctionScriptingTraits (0ms)
		AnalyzeDomain (26ms)
			TypeCache.Refresh (11ms)
				TypeCache.ScanAssembly (1ms)
			ScanForSourceGeneratedMonoScriptInfo (6ms)
			ResolveRequiredComponents (8ms)
	FinalizeReload (1182ms)
		ReleaseScriptCaches (0ms)
		RebuildScriptCaches (0ms)
		SetupLoadedEditorAssemblies (627ms)
			LogAssemblyErrors (0ms)
			InitializePlatformSupportModulesInManaged (9ms)
			SetLoadedEditorAssemblies (3ms)
			RefreshPlugins (0ms)
			BeforeProcessingInitializeOnLoad (65ms)
			ProcessInitializeOnLoadAttributes (520ms)
			ProcessInitializeOnLoadMethodAttributes (21ms)
			AfterProcessingInitializeOnLoad (8ms)
			EditorAssembliesLoaded (0ms)
		ExecutionOrderSort2 (0ms)
		AwakeInstancesAfterBackupRestoration (14ms)
Refreshing native plugins compatible for Editor in 17.52 ms, found 6 plugins.
Preloading 0 native plugins for Editor in 0.00 ms.
Unloading 3665 Unused Serialized files (Serialized files now loaded: 0)
Unloading 80 unused Assets / (60.2 KB). Loaded Objects now: 4139.
Memory consumption went from 144.7 MB to 144.6 MB.
Total: 5.064900 ms (FindLiveObjects: 1.042800 ms CreateObjectMapping: 1.279300 ms MarkObjects: 2.641200 ms  DeleteObjects: 0.100200 ms)

Prepare: number of updated asset objects reloaded= 0
AssetImportParameters requested are different than current active one (requested -> active):
  custom:container-demuxer-ogg: 62fdf1f143b41e24485cea50d1cbac27 -> 
  custom:video-decoder-ogg-theora: a1e56fd34408186e4bbccfd4996cb3dc -> 
  custom:framework-win-MediaFoundation: 216162199b28c13a410421893ffa2e32 -> 
  custom:CustomObjectIndexerAttribute: 756ad292c208cfabdd7b50bc23989ffe -> 
  custom:container-demuxer-webm: 4f35f7cbe854078d1ac9338744f61a02 -> 
  custom:container-muxer-webm: aa71ff27fc2769a1b78a27578f13a17b -> 
  custom:video-decoder-webm-vp8: 9c59270c3fd7afecdb556c50c9e8de78 -> 
  custom:SearchIndexIgnoredProperties: e643bd26f0fe6173181afceb89e7c659 -> 
  custom:AudioImporter_EditorPlatform: d09bf68614088b80899f8185d706f6e7 -> 
  custom:video-encoder-webm-vp8: eb34c28f22e8b96e1ab97ce403110664 -> 
  custom:audio-decoder-ogg-vorbis: bf7c407c2cedff20999df2af8eb42d56 -> 
  custom:audio-encoder-webm-vorbis: bf7c407c2cedff20999df2af8eb42d56 -> 
========================================================================
Received Import Request.
  Time since last request: 1012.532235 seconds.
  path: Assets/Scripts/UI/Alarm.cs
  artifactKey: Guid(ebf9d426f2456fb40a9a3ac7e830abe3) Importer(815301076,1909f56bfc062723c751e8b465ee728b)
Start importing Assets/Scripts/UI/Alarm.cs using Guid(ebf9d426f2456fb40a9a3ac7e830abe3) Importer(815301076,1909f56bfc062723c751e8b465ee728b)  -> (artifact id: 'd63e5df9deed36efac60ecb4b9951056') in 0.002425 seconds
Number of updated asset objects reloaded before import = 0
Number of asset objects unloaded after import = 0
========================================================================
Received Import Request.
  Time since last request: 5.620942 seconds.
  path: Assets/Resources/Alarm.prefab
  artifactKey: Guid(014cddad46a19c54cbb50e6566500421) Importer(815301076,1909f56bfc062723c751e8b465ee728b)
Start importing Assets/Resources/Alarm.prefab using Guid(014cddad46a19c54cbb50e6566500421) Importer(815301076,1909f56bfc062723c751e8b465ee728b)  -> (artifact id: '9031d0f20048197c76dafc765a9b3d54') in 0.030616 seconds
Number of updated asset objects reloaded before import = 0
Number of asset objects unloaded after import = 28
========================================================================
Received Import Request.
  Time since last request: 15.202390 seconds.
  path: Assets/Resources/PausePanel.prefab
  artifactKey: Guid(3851ec06e897a6e42b5ce9d08973d974) Importer(815301076,1909f56bfc062723c751e8b465ee728b)
Start importing Assets/Resources/PausePanel.prefab using Guid(3851ec06e897a6e42b5ce9d08973d974) Importer(815301076,1909f56bfc062723c751e8b465ee728b)  -> (artifact id: '5ceb7aab0f7242edf579e5a09702861f') in 0.043251 seconds
Number of updated asset objects reloaded before import = 0
Number of asset objects unloaded after import = 38
========================================================================
Received Import Request.
  Time since last request: 25.254334 seconds.
  path: Assets/Resources/PausePanel.prefab
  artifactKey: Guid(3851ec06e897a6e42b5ce9d08973d974) Importer(815301076,1909f56bfc062723c751e8b465ee728b)
Start importing Assets/Resources/PausePanel.prefab using Guid(3851ec06e897a6e42b5ce9d08973d974) Importer(815301076,1909f56bfc062723c751e8b465ee728b)  -> (artifact id: '00a8f258340f9186970fe9abe7a1a0ce') in 0.021473 seconds
Number of updated asset objects reloaded before import = 0
Number of asset objects unloaded after import = 38
========================================================================
Received Import Request.
  Time since last request: 7.134926 seconds.
  path: Assets/Resources/PausePanel.prefab
  artifactKey: Guid(3851ec06e897a6e42b5ce9d08973d974) Importer(815301076,1909f56bfc062723c751e8b465ee728b)
Start importing Assets/Resources/PausePanel.prefab using Guid(3851ec06e897a6e42b5ce9d08973d974) Importer(815301076,1909f56bfc062723c751e8b465ee728b)  -> (artifact id: '5617669c7ce964ebd3754bbe4cb80ce2') in 0.020353 seconds
Number of updated asset objects reloaded before import = 0
Number of asset objects unloaded after import = 39
========================================================================
Received Import Request.
  Time since last request: 11.962400 seconds.
  path: Assets/Resources/PausePanel.prefab
  artifactKey: Guid(3851ec06e897a6e42b5ce9d08973d974) Importer(815301076,1909f56bfc062723c751e8b465ee728b)
Start importing Assets/Resources/PausePanel.prefab using Guid(3851ec06e897a6e42b5ce9d08973d974) Importer(815301076,1909f56bfc062723c751e8b465ee728b)  -> (artifact id: '775dbea292d7f311dfde235b5fd6b652') in 0.020347 seconds
Number of updated asset objects reloaded before import = 0
Number of asset objects unloaded after import = 39
========================================================================
Received Import Request.
  Time since last request: 13.577191 seconds.
  path: Assets/Resources/PausePanel.prefab
  artifactKey: Guid(3851ec06e897a6e42b5ce9d08973d974) Importer(815301076,1909f56bfc062723c751e8b465ee728b)
Start importing Assets/Resources/PausePanel.prefab using Guid(3851ec06e897a6e42b5ce9d08973d974) Importer(815301076,1909f56bfc062723c751e8b465ee728b)  -> (artifact id: '6ef6e257e5a89a6d965965d9a9fe0797') in 0.020586 seconds
Number of updated asset objects reloaded before import = 0
Number of asset objects unloaded after import = 39
========================================================================
Received Import Request.
  Time since last request: 5.630064 seconds.
  path: Assets/Resources/PausePanel.prefab
  artifactKey: Guid(3851ec06e897a6e42b5ce9d08973d974) Importer(815301076,1909f56bfc062723c751e8b465ee728b)
Start importing Assets/Resources/PausePanel.prefab using Guid(3851ec06e897a6e42b5ce9d08973d974) Importer(815301076,1909f56bfc062723c751e8b465ee728b)  -> (artifact id: '26e5ec95bad8875b2e52212ad8126330') in 0.023725 seconds
Number of updated asset objects reloaded before import = 0
Number of asset objects unloaded after import = 39
========================================================================
Received Import Request.
  Time since last request: 2.810308 seconds.
  path: Assets/Resources/PausePanel.prefab
  artifactKey: Guid(3851ec06e897a6e42b5ce9d08973d974) Importer(815301076,1909f56bfc062723c751e8b465ee728b)
Start importing Assets/Resources/PausePanel.prefab using Guid(3851ec06e897a6e42b5ce9d08973d974) Importer(815301076,1909f56bfc062723c751e8b465ee728b)  -> (artifact id: 'f7237fbf541d2ec4b2278e76effc897d') in 0.019904 seconds
Number of updated asset objects reloaded before import = 0
Number of asset objects unloaded after import = 39
========================================================================
Received Import Request.
  Time since last request: 3.887765 seconds.
  path: Assets/Resources/PausePanel.prefab
  artifactKey: Guid(3851ec06e897a6e42b5ce9d08973d974) Importer(815301076,1909f56bfc062723c751e8b465ee728b)
Start importing Assets/Resources/PausePanel.prefab using Guid(3851ec06e897a6e42b5ce9d08973d974) Importer(815301076,1909f56bfc062723c751e8b465ee728b)  -> (artifact id: '0c38562e867f861b760dd9f8a927507c') in 0.022530 seconds
Number of updated asset objects reloaded before import = 0
Number of asset objects unloaded after import = 39
========================================================================
Received Import Request.
  Time since last request: 198.080060 seconds.
  path: Assets/Resources/PausePanel.prefab
  artifactKey: Guid(3851ec06e897a6e42b5ce9d08973d974) Importer(815301076,1909f56bfc062723c751e8b465ee728b)
Start importing Assets/Resources/PausePanel.prefab using Guid(3851ec06e897a6e42b5ce9d08973d974) Importer(815301076,1909f56bfc062723c751e8b465ee728b)  -> (artifact id: 'b1c9cdd2c23526852bf1c749ccf8f861') in 0.022186 seconds
Number of updated asset objects reloaded before import = 0
Number of asset objects unloaded after import = 40
========================================================================
Received Import Request.
  Time since last request: 16.581520 seconds.
  path: Assets/Resources/PausePanel.prefab
  artifactKey: Guid(3851ec06e897a6e42b5ce9d08973d974) Importer(815301076,1909f56bfc062723c751e8b465ee728b)
Start importing Assets/Resources/PausePanel.prefab using Guid(3851ec06e897a6e42b5ce9d08973d974) Importer(815301076,1909f56bfc062723c751e8b465ee728b)  -> (artifact id: '516ca7de8dd5a020492f75ccac621dfa') in 0.023011 seconds
Number of updated asset objects reloaded before import = 0
Number of asset objects unloaded after import = 41
========================================================================
Received Import Request.
  Time since last request: 5.030244 seconds.
  path: Assets/Resources/PausePanel.prefab
  artifactKey: Guid(3851ec06e897a6e42b5ce9d08973d974) Importer(815301076,1909f56bfc062723c751e8b465ee728b)
Start importing Assets/Resources/PausePanel.prefab using Guid(3851ec06e897a6e42b5ce9d08973d974) Importer(815301076,1909f56bfc062723c751e8b465ee728b)  -> (artifact id: 'd735cd2c4280c761484e39e4041f8f8a') in 0.023034 seconds
Number of updated asset objects reloaded before import = 0
Number of asset objects unloaded after import = 42
========================================================================
Received Import Request.
  Time since last request: 36.876336 seconds.
  path: Assets/Resources/PausePanel.prefab
  artifactKey: Guid(3851ec06e897a6e42b5ce9d08973d974) Importer(815301076,1909f56bfc062723c751e8b465ee728b)
Start importing Assets/Resources/PausePanel.prefab using Guid(3851ec06e897a6e42b5ce9d08973d974) Importer(815301076,1909f56bfc062723c751e8b465ee728b)  -> (artifact id: '877bd9d819ca348191aec213d8e4e34c') in 0.021196 seconds
Number of updated asset objects reloaded before import = 0
Number of asset objects unloaded after import = 40
========================================================================
Received Import Request.
  Time since last request: 245.342621 seconds.
  path: Assets/Resources/PausePanel.prefab
  artifactKey: Guid(3851ec06e897a6e42b5ce9d08973d974) Importer(815301076,1909f56bfc062723c751e8b465ee728b)
Start importing Assets/Resources/PausePanel.prefab using Guid(3851ec06e897a6e42b5ce9d08973d974) Importer(815301076,1909f56bfc062723c751e8b465ee728b)  -> (artifact id: 'be63a80ce284680b4752fbfcea2f9b65') in 0.022343 seconds
Number of updated asset objects reloaded before import = 0
Number of asset objects unloaded after import = 43
========================================================================
Received Import Request.
  Time since last request: 201.445873 seconds.
  path: Assets/Resources/PausePanel.prefab
  artifactKey: Guid(32a0fca0fdbcf7d42b0a15dfcaf43f6b) Importer(815301076,1909f56bfc062723c751e8b465ee728b)
Start importing Assets/Resources/PausePanel.prefab using Guid(32a0fca0fdbcf7d42b0a15dfcaf43f6b) Importer(815301076,1909f56bfc062723c751e8b465ee728b)  -> (artifact id: 'e02686f1b62d328a3cdddceb0e4889be') in 0.020014 seconds
Number of updated asset objects reloaded before import = 0
Number of asset objects unloaded after import = 43
